[0m21:47:23.337292 [debug] [MainThread]: Sending event: {'category': 'dbt', 'action': 'invocation', 'label': 'start', 'context': [<snowplow_tracker.self_describing_json.SelfDescribingJson object at 0x0000017F70266F90>, <snowplow_tracker.self_describing_json.SelfDescribingJson object at 0x0000017F70687320>, <snowplow_tracker.self_describing_json.SelfDescribingJson object at 0x0000017F6E4C4680>]}


============================== 21:47:23.369296 | d414a7b3-ea58-48e9-832d-7b3f72d959b6 ==============================
[0m21:47:23.369296 [info ] [MainThread]: Running with dbt=1.11.11
[0m21:47:23.369296 [debug] [MainThread]: running dbt with arguments {'static_parser': 'True', 'no_print': 'None', 'version_check': 'True', 'target_path': 'None', 'warn_error_options': 'WarnErrorOptionsV2(error=[], warn=[], silence=[])', 'printer_width': '80', 'write_json': 'True', 'empty': 'None', 'log_cache_events': 'False', 'introspect': 'True', 'cache_selected_only': 'False', 'fail_fast': 'False', 'debug': 'False', 'log_format': 'default', 'partial_parse': 'True', 'send_anonymous_usage_stats': 'True', 'quiet': 'False', 'warn_error': 'None', 'profiles_dir': 'C:\\Users\\fisch\\.dbt', 'indirect_selection': 'eager', 'use_colors': 'True', 'invocation_command': 'dbt init logistica', 'use_experimental_parser': 'False', 'log_path': 'logs'}
[0m21:47:23.435177 [info ] [MainThread]: Creating dbt configuration folder at C:\Users\fisch\.dbt
[0m21:47:23.439181 [debug] [MainThread]: Starter project path: C:\Users\fisch\onedrive\documentos\neurometric\projetos_python\logistica\.venv\Lib\site-packages\dbt\include\starter_project
[0m21:47:23.450179 [info ] [MainThread]: 
Your new dbt project "logistica" was created!

For more information on how to configure the profiles.yml file,
please consult the dbt documentation here:

  https://docs.getdbt.com/docs/configure-your-profile

One more thing:

Need help? Don't hesitate to reach out to us via GitHub issues or on Slack:

  https://community.getdbt.com/

Happy modeling!

[0m21:47:23.450179 [info ] [MainThread]: Setting up your profile.
[0m21:48:46.702187 [info ] [MainThread]: Profile logistica written to C:\Users\fisch\.dbt\profiles.yml using target's profile_template.yml and your supplied values. Run 'dbt debug' to validate the connection.
[0m21:48:46.702187 [debug] [MainThread]: Command `dbt init` succeeded at 21:48:46.702187 after 83.49 seconds
[0m21:48:46.713723 [debug] [MainThread]: Sending event: {'category': 'dbt', 'action': 'invocation', 'label': 'end', 'context': [<snowplow_tracker.self_describing_json.SelfDescribingJson object at 0x0000017F70C76900>, <snowplow_tracker.self_describing_json.SelfDescribingJson object at 0x0000017F701B1E20>, <snowplow_tracker.self_describing_json.SelfDescribingJson object at 0x0000017F6FC232C0>]}
[0m21:48:46.713723 [debug] [MainThread]: Flushing usage events
[0m21:48:47.655225 [debug] [MainThread]: An error was encountered while trying to flush usage events
